<?xml version="1.0" encoding="UTF-8"?>
<!-- Generated by org.testng.reporters.JUnitReportReporter -->
<testsuite hostname="JenkinsSM" name="Selenium.Learning.Screenshots" tests="1" failures="0" timestamp="8 Feb 2019 09:34:05 GMT" time="3.277" errors="0">
  <testcase name="ScreenshotTest" time="3.277" classname="Selenium.Learning.Screenshots"/>
</testsuite> <!-- Selenium.Learning.Screenshots -->
