<?xml version="1.0" encoding="UTF-8"?>
<!-- Generated by org.testng.reporters.JUnitReportReporter -->
<testsuite hostname="JenkinsSM" name="Selenium.Learning.RobotClassSelenium" tests="1" failures="0" timestamp="7 Feb 2019 09:39:12 GMT" time="12.735" errors="0">
  <testcase name="RoboClassTest" time="12.735" classname="Selenium.Learning.RobotClassSelenium"/>
</testsuite> <!-- Selenium.Learning.RobotClassSelenium -->
