<?xml version="1.0" encoding="UTF-8"?>
<!-- Generated by org.testng.reporters.JUnitReportReporter -->
<testsuite hostname="JenkinsSM" name="Selenium.Learning.DataHandling" tests="3" failures="0" timestamp="7 Feb 2019 11:05:40 GMT" time="0.000" errors="0">
  <testcase name="DataproviderTest" time="0.000" classname="Selenium.Learning.DataHandling"/>
  <testcase name="DataproviderTest" time="0.000" classname="Selenium.Learning.DataHandling"/>
  <testcase name="ParameterTest" time="0.000" classname="Selenium.Learning.DataHandling"/>
</testsuite> <!-- Selenium.Learning.DataHandling -->
