<?xml version="1.0" encoding="UTF-8"?>
<!-- Generated by org.testng.reporters.JUnitReportReporter -->
<testsuite hostname="JenkinsSM" name="Selenium.Learning.UIControls" tests="3" failures="0" timestamp="30 Oct 2018 06:47:20 GMT" time="5.613" errors="0">
  <testcase name="closenotificationalert" time="1.741" classname="Selenium.Learning.UIControls"/>
  <testcase name="FlightsReservation" time="0.107" classname="Selenium.Learning.UIControls"/>
  <testcase name="LaunchBrowser" time="3.765" classname="Selenium.Learning.UIControls"/>
</testsuite> <!-- Selenium.Learning.UIControls -->
